[Thu Jul 16 01:00:01 EDT 2026] Starting ShayneAiLab content generation...
[Thu Jul 16 01:00:01 EDT 2026] Generating: 5 Free Tools Every Ops Team Should Know About (5-free-ops-tools)
[Thu Jul 16 01:10:49 EDT 2026] QUALITY FAIL: 5-free-ops-tools contains AI slop phrase: 'dive in'
[Thu Jul 16 01:10:49 EDT 2026] Building blog index page...
[Thu Jul 16 01:10:50 EDT 2026] Blog index updated with 5 articles
[sitemap] Updated with 13 URLs
[Thu Jul 16 01:10:50 EDT 2026] Content generation complete. Next topic index: 6
[Thu Jul 16 01:30:12 AM EDT 2026] Starting ShayneAiLab content generation...
[Thu Jul 16 01:30:12 AM EDT 2026] Generating: Automating Email Triage: Tools and Techniques (automate-email-triage)
[Thu Jul 16 01:37:38 AM EDT 2026] Starting ShayneAiLab content generation...
[Thu Jul 16 01:37:39 AM EDT 2026] Generating: Automating Email Triage: Tools and Techniques (automate-email-triage)
[Thu Jul 16 01:39:24 AM EDT 2026] Quality check passed for automate-email-triage
[Thu Jul 16 01:39:24 AM EDT 2026] Generated: automate-email-triage
[Thu Jul 16 01:39:26 AM EDT 2026] Building blog index page...
[Thu Jul 16 01:39:26 AM EDT 2026] Blog index updated with 6 articles
[Thu Jul 16 01:39:26 AM EDT 2026] Social draft saved: /home/rock/workspace/ShaynesAiLab/scripts/overnight/social/automate-email-triage_social.txt
[sitemap] Updated with 14 URLs
[Thu Jul 16 01:39:26 AM EDT 2026] Content generation complete. Next topic index: 7
[Thu Jul 16 01:46:13 AM EDT 2026] Quality check passed for automate-email-triage
[Thu Jul 16 01:46:13 AM EDT 2026] Generated: automate-email-triage
[Thu Jul 16 01:46:15 AM EDT 2026] Building blog index page...
[Thu Jul 16 01:46:15 AM EDT 2026] Blog index updated with 6 articles
[Thu Jul 16 01:46:15 AM EDT 2026] Social draft saved: /home/rock/workspace/ShaynesAiLab/scripts/overnight/social/automate-email-triage_social.txt
[sitemap] Updated with 14 URLs
[Thu Jul 16 01:46:15 AM EDT 2026] Content generation complete. Next topic index: 7
