[Tue Jul 14 10:34:47 AM EDT 2026] Starting ShayneAiLab content generation...
[Tue Jul 14 10:34:47 AM EDT 2026] Generating: Notion vs ClickUp for Ops Teams (notion-vs-clickup)
[Tue Jul 14 10:34:47 AM EDT 2026] ERROR: Failed to generate content for notion-vs-clickup
[Tue Jul 14 10:34:47 AM EDT 2026] Building blog index page...
[Tue Jul 14 10:34:47 AM EDT 2026] Blog index updated with 1 articles
[Tue Jul 14 10:38:24 AM EDT 2026] Starting ShayneAiLab content generation...
[Tue Jul 14 10:38:24 AM EDT 2026] Generating: Notion vs ClickUp for Ops Teams (notion-vs-clickup)
[Tue Jul 14 10:39:51 AM EDT 2026] QUALITY FAIL: notion-vs-clickup contains AI slop phrase: 'robust'
[Tue Jul 14 10:39:51 AM EDT 2026] Building blog index page...
[Tue Jul 14 10:39:51 AM EDT 2026] Blog index updated with 1 articles
[Tue Jul 14 10:40:16 AM EDT 2026] Starting ShayneAiLab content generation...
[Tue Jul 14 10:40:16 AM EDT 2026] Generating: Notion vs ClickUp for Ops Teams (notion-vs-clickup)
[Tue Jul 14 10:41:30 AM EDT 2026] Quality check passed for notion-vs-clickup
[Tue Jul 14 10:41:30 AM EDT 2026] Generated: notion-vs-clickup
[Tue Jul 14 10:41:32 AM EDT 2026] Building blog index page...
[Tue Jul 14 10:43:48 AM EDT 2026] Starting ShayneAiLab content generation...
[Tue Jul 14 10:43:49 AM EDT 2026] Skipping notion-vs-clickup — generated 0 days ago
[Tue Jul 14 10:43:49 AM EDT 2026] Building blog index page...
[Tue Jul 14 10:43:49 AM EDT 2026] Blog index updated with 2 articles
[Tue Jul 14 10:43:49 AM EDT 2026] Social draft saved: /home/rock/workspace/ShaynesAiLab/scripts/overnight/social/notion-vs-clickup_social.txt
[Tue Jul 14 10:49:31 AM EDT 2026] Starting ShayneAiLab content generation...
[Tue Jul 14 10:49:32 AM EDT 2026] Generating: Make.com vs Zapier: Which Automation Platform Wins? (make-vs-zapier)
[Tue Jul 14 10:50:36 AM EDT 2026] QUALITY FAIL: make-vs-zapier contains AI slop phrase: 'solutions that'
[Tue Jul 14 10:50:36 AM EDT 2026] Building blog index page...
[Tue Jul 14 10:50:36 AM EDT 2026] Blog index updated with 2 articles
[sitemap] Updated with 10 URLs
[Tue Jul 14 10:50:36 AM EDT 2026] Content generation complete. Next topic index: 2
[Tue Jul 14 10:51:22 AM EDT 2026] Starting ShayneAiLab content generation...
[Tue Jul 14 10:51:22 AM EDT 2026] Generating: Make.com vs Zapier: Which Automation Platform Wins? (make-vs-zapier)
[Tue Jul 14 10:52:53 AM EDT 2026] Quality check passed for make-vs-zapier
[Tue Jul 14 10:52:53 AM EDT 2026] Generated: make-vs-zapier
[Tue Jul 14 10:52:55 AM EDT 2026] Building blog index page...
[Tue Jul 14 10:52:55 AM EDT 2026] Blog index updated with 3 articles
[Tue Jul 14 10:52:55 AM EDT 2026] Social draft saved: /home/rock/workspace/ShaynesAiLab/scripts/overnight/social/make-vs-zapier_social.txt
[sitemap] Updated with 11 URLs
[Tue Jul 14 10:52:55 AM EDT 2026] Content generation complete. Next topic index: 2
[Tue Jul 14 10:57:26 AM EDT 2026] Starting ShayneAiLab content generation...
[Tue Jul 14 10:57:27 AM EDT 2026] Generating: Best AI Writing Assistants for Ops Teams in 2026 (best-ai-writing)
[Tue Jul 14 11:05:52 AM EDT 2026] Quality check passed for best-ai-writing
[Tue Jul 14 11:05:52 AM EDT 2026] Generated: best-ai-writing
[Tue Jul 14 11:05:55 AM EDT 2026] Building blog index page...
[Tue Jul 14 11:05:55 AM EDT 2026] Blog index updated with 4 articles
[Tue Jul 14 11:05:55 AM EDT 2026] Social draft saved: /home/rock/workspace/ShaynesAiLab/scripts/overnight/social/best-ai-writing_social.txt
[sitemap] Updated with 12 URLs
[Tue Jul 14 11:05:55 AM EDT 2026] Content generation complete. Next topic index: 3
[Tue Jul 14 11:22:40 AM EDT 2026] Starting ShayneAiLab content generation...
[Tue Jul 14 11:22:40 AM EDT 2026] Skipping best-ai-writing — generated 0 days ago
[Tue Jul 14 11:22:40 AM EDT 2026] Building blog index page...
[Tue Jul 14 11:22:40 AM EDT 2026] Blog index updated with 4 articles
[Tue Jul 14 11:22:40 AM EDT 2026] Social draft saved: /home/rock/workspace/ShaynesAiLab/scripts/overnight/social/best-ai-writing_social.txt
[sitemap] Updated with 12 URLs
[Tue Jul 14 11:22:40 AM EDT 2026] Content generation complete. Next topic index: 3
