[Wed Jul 15 01:00:02 EDT 2026] Starting ShayneAiLab content generation...
[Wed Jul 15 01:00:02 EDT 2026] Generating: Canva vs Alternatives: Best Design Tool for Ops (canva-alternatives)
[Wed Jul 15 01:08:41 EDT 2026] QUALITY FAIL: canva-alternatives contains AI slop phrase: 'dive in'
[Wed Jul 15 01:08:41 EDT 2026] Building blog index page...
[Wed Jul 15 01:08:41 EDT 2026] Blog index updated with 4 articles
[sitemap] Updated with 12 URLs
[Wed Jul 15 01:08:41 EDT 2026] Content generation complete. Next topic index: 4
[Thu Jul 16 01:00:01 EDT 2026] Starting ShayneAiLab content generation...
[Thu Jul 16 01:00:01 EDT 2026] Generating: 5 Free Tools Every Ops Team Should Know About (5-free-ops-tools)
[Thu Jul 16 01:10:49 EDT 2026] QUALITY FAIL: 5-free-ops-tools contains AI slop phrase: 'dive in'
[Thu Jul 16 01:10:49 EDT 2026] Building blog index page...
[Thu Jul 16 01:10:50 EDT 2026] Blog index updated with 5 articles
[sitemap] Updated with 13 URLs
[Thu Jul 16 01:10:50 EDT 2026] Content generation complete. Next topic index: 6
[Fri Jul 17 01:00:01 EDT 2026] Starting ShayneAiLab content generation...
[Fri Jul 17 01:00:02 EDT 2026] Generating: Notion Templates for Operations Management (notion-ops-templates)
[Fri Jul 17 01:09:27 EDT 2026] Quality check passed for notion-ops-templates
[Fri Jul 17 01:09:27 EDT 2026] Generated: notion-ops-templates
[Fri Jul 17 01:09:29 EDT 2026] Building blog index page...
[Fri Jul 17 01:09:30 EDT 2026] Blog index updated with 7 articles
[Fri Jul 17 01:09:30 EDT 2026] Social draft saved: /home/rock/workspace/ShaynesAiLab/scripts/overnight/social/notion-ops-templates_social.txt
[sitemap] Updated with 15 URLs
[Fri Jul 17 01:09:30 EDT 2026] Content generation complete. Next topic index: 0
[Sat Jul 18 01:00:01 EDT 2026] Starting ShayneAiLab content generation...
[Sat Jul 18 01:00:02 EDT 2026] Skipping make-vs-zapier — generated 3 days ago
[Sat Jul 18 01:00:02 EDT 2026] Building blog index page...
[Sat Jul 18 01:00:02 EDT 2026] Blog index updated with 7 articles
[Sat Jul 18 01:00:02 EDT 2026] Social draft saved: /home/rock/workspace/ShaynesAiLab/scripts/overnight/social/make-vs-zapier_social.txt
[sitemap] Updated with 15 URLs
[Sat Jul 18 01:00:02 EDT 2026] Content generation complete. Next topic index: 2
[Sun Jul 19 01:00:01 EDT 2026] Starting ShayneAiLab content generation...
[Sun Jul 19 01:00:01 EDT 2026] Skipping best-ai-writing-tools — generated 3 days ago
[Sun Jul 19 01:00:01 EDT 2026] Building blog index page...
[Mon Jul 20 01:00:01 EDT 2026] Starting ShayneAiLab content generation...
[Mon Jul 20 01:00:01 EDT 2026] Skipping ai-code-assistants — generated 4 days ago
[Mon Jul 20 01:00:01 EDT 2026] Building blog index page...
